Using pre-set license
Built from '2020.3/staging' branch; Version is '2020.3.22f1 (e1a7f79fd887) revision 14788599'; Using compiler version '192528614'; Build Type 'Release'
OS: 'Windows 10 Home Single Language; OS build 19042.1348; Version 2009; 64bit' Language: 'en' Physical Memory: 7997 MB
BatchMode: 1, IsHumanControllingUs: 0, StartBugReporterOnCrash: 0, Is64bit: 1, IsPro: 0

COMMAND LINE ARGUMENTS:
C:\Program Files\Unity\Hub\Editor\2020.3.22f1\Editor\Unity.exe
-adb2
-batchMode
-noUpm
-name
AssetImportWorker0
-projectPath
C:/Users/tranh/Desktop/Workspace/Muc from Unity/DevHere/TowerDefense2D
-logFile
Logs/AssetImportWorker0.log
-srvPort
56772
Successfully changed project path to: C:/Users/tranh/Desktop/Workspace/Muc from Unity/DevHere/TowerDefense2D
C:/Users/tranh/Desktop/Workspace/Muc from Unity/DevHere/TowerDefense2D
Using Asset Import Pipeline V2.
Refreshing native plugins compatible for Editor in 80.95 ms, found 3 plugins.
Preloading 0 native plugins for Editor in 0.00 ms.
Initialize engine version: 2020.3.22f1 (e1a7f79fd887)
[Subsystems] Discovering subsystems at path C:/Program Files/Unity/Hub/Editor/2020.3.22f1/Editor/Data/Resources/UnitySubsystems
[Subsystems] Discovering subsystems at path C:/Users/tranh/Desktop/Workspace/Muc from Unity/DevHere/TowerDefense2D/Assets
GfxDevice: creating device client; threaded=0
Direct3D:
    Version:  Direct3D 11.0 [level 11.1]
    Renderer: NVIDIA GeForce MX330 (ID=0x1d16)
    Vendor:   
    VRAM:     1983 MB
    Driver:   27.21.14.6259
Initialize mono
Mono path[0] = 'C:/Program Files/Unity/Hub/Editor/2020.3.22f1/Editor/Data/Managed'
Mono path[1] = 'C:/Program Files/Unity/Hub/Editor/2020.3.22f1/Editor/Data/MonoBleedingEdge/lib/mono/unityjit'
Mono config path = 'C:/Program Files/Unity/Hub/Editor/2020.3.22f1/Editor/Data/MonoBleedingEdge/etc'
Using monoOptions --debugger-agent=transport=dt_socket,embedding=1,server=y,suspend=n,address=127.0.0.1:56644
Begin MonoManager ReloadAssembly
Registering precompiled unity dll's ...
Register platform support module: C:/Program Files/Unity/Hub/Editor/2020.3.22f1/Editor/Data/PlaybackEngines/WindowsStandaloneSupport/UnityEditor.WindowsStandalone.Extensions.dll
Registered in 0.004529 seconds.
Native extension for WindowsStandalone target not found
Refreshing native plugins compatible for Editor in 56.62 ms, found 3 plugins.
Preloading 0 native plugins for Editor in 0.00 ms.
Mono: successfully reloaded assembly
- Completed reload, in  5.051 seconds
Domain Reload Profiling:
	ReloadAssembly (5051ms)
		BeginReloadAssembly (75ms)
			ExecutionOrderSort (0ms)
			DisableScriptedObjects (0ms)
			BackupInstance (0ms)
			ReleaseScriptingObjects (0ms)
			CreateAndSetChildDomain (2ms)
		EndReloadAssembly (521ms)
			LoadAssemblies (70ms)
			RebuildTransferFunctionScriptingTraits (0ms)
			SetupTypeCache (158ms)
			ReleaseScriptCaches (0ms)
			RebuildScriptCaches (37ms)
			SetupLoadedEditorAssemblies (202ms)
				LogAssemblyErrors (0ms)
				InitializePlatformSupportModulesInManaged (6ms)
				SetLoadedEditorAssemblies (0ms)
				RefreshPlugins (57ms)
				BeforeProcessingInitializeOnLoad (9ms)
				ProcessInitializeOnLoadAttributes (90ms)
				ProcessInitializeOnLoadMethodAttributes (39ms)
				AfterProcessingInitializeOnLoad (0ms)
				EditorAssembliesLoaded (0ms)
			ExecutionOrderSort2 (0ms)
			AwakeInstancesAfterBackupRestoration (0ms)
Platform modules already initialized, skipping
Registering precompiled user dll's ...
Registered in 0.014302 seconds.
Begin MonoManager ReloadAssembly
Native extension for WindowsStandalone target not found
Refreshing native plugins compatible for Editor in 51.61 ms, found 3 plugins.
Preloading 0 native plugins for Editor in 0.00 ms.
Mono: successfully reloaded assembly
- Completed reload, in  1.225 seconds
Domain Reload Profiling:
	ReloadAssembly (1226ms)
		BeginReloadAssembly (141ms)
			ExecutionOrderSort (0ms)
			DisableScriptedObjects (4ms)
			BackupInstance (0ms)
			ReleaseScriptingObjects (0ms)
			CreateAndSetChildDomain (18ms)
		EndReloadAssembly (1016ms)
			LoadAssemblies (149ms)
			RebuildTransferFunctionScriptingTraits (0ms)
			SetupTypeCache (305ms)
			ReleaseScriptCaches (1ms)
			RebuildScriptCaches (51ms)
			SetupLoadedEditorAssemblies (378ms)
				LogAssemblyErrors (0ms)
				InitializePlatformSupportModulesInManaged (5ms)
				SetLoadedEditorAssemblies (0ms)
				RefreshPlugins (52ms)
				BeforeProcessingInitializeOnLoad (77ms)
				ProcessInitializeOnLoadAttributes (216ms)
				ProcessInitializeOnLoadMethodAttributes (22ms)
				AfterProcessingInitializeOnLoad (7ms)
				EditorAssembliesLoaded (0ms)
			ExecutionOrderSort2 (0ms)
			AwakeInstancesAfterBackupRestoration (8ms)
Platform modules already initialized, skipping
========================================================================
Worker process is ready to serve import requests
Launched and connected shader compiler UnityShaderCompiler.exe after 0.10 seconds
Refreshing native plugins compatible for Editor in 0.91 ms, found 3 plugins.
Preloading 0 native plugins for Editor in 0.00 ms.
Unloading 2329 Unused Serialized files (Serialized files now loaded: 0)
System memory in use before: 99.8 MB.
System memory in use after: 99.9 MB.

Unloading 41 unused Assets to reduce memory usage. Loaded Objects now: 2749.
Total: 3.865900 ms (FindLiveObjects: 0.343800 ms CreateObjectMapping: 0.073700 ms MarkObjects: 3.254100 ms  DeleteObjects: 0.192700 ms)

AssetImportParameters requested are different than current active one (requested -> active):
  custom:framework-win-MediaFoundation: 216162199b28c13a410421893ffa2e32 -> 
  custom:video-decoder-ogg-theora: a1e56fd34408186e4bbccfd4996cb3dc -> 
  custom:container-muxer-webm: aa71ff27fc2769a1b78a27578f13a17b -> 
  custom:container-demuxer-webm: 4f35f7cbe854078d1ac9338744f61a02 -> 
  custom:container-demuxer-ogg: 62fdf1f143b41e24485cea50d1cbac27 -> 
  custom:video-encoder-webm-vp8: eb34c28f22e8b96e1ab97ce403110664 -> 
  custom:video-decoder-webm-vp8: 9c59270c3fd7afecdb556c50c9e8de78 -> 
  custom:audio-decoder-ogg-vorbis: bf7c407c2cedff20999df2af8eb42d56 -> 
  custom:audio-encoder-webm-vorbis: bf7c407c2cedff20999df2af8eb42d56 -> 
========================================================================
Received Import Request.
  path: Assets/Scenes/MenuScene.unity
  artifactKey: Guid(8654ae7ffa3afe74187b359f54771dbb) Importer(815301076,1909f56bfc062723c751e8b465ee728b)
Start importing Assets/Scenes/MenuScene.unity using Guid(8654ae7ffa3afe74187b359f54771dbb) Importer(815301076,1909f56bfc062723c751e8b465ee728b)  -> (artifact id: '9cfaddbe237805325576d2f7eaa9e891') in 0.037962 seconds 
  Import took 0.044396 seconds .

========================================================================
Received Import Request.
  Time since last request: 45.218589 seconds.
  path: Assets/Scenes/BeginningRoom.unity
  artifactKey: Guid(2cda990e2423bbf4892e6590ba056729) Importer(815301076,1909f56bfc062723c751e8b465ee728b)
Start importing Assets/Scenes/BeginningRoom.unity using Guid(2cda990e2423bbf4892e6590ba056729) Importer(815301076,1909f56bfc062723c751e8b465ee728b)  -> (artifact id: '13a0f42fed9824dfc0c392163f631f0b') in 0.017084 seconds 
  Import took 0.022381 seconds .

========================================================================
Received Import Request.
  Time since last request: 45.473143 seconds.
  path: Assets/Scenes/StartScene.unity
  artifactKey: Guid(a89705f2d06d929499705985e38c42db) Importer(815301076,1909f56bfc062723c751e8b465ee728b)
Start importing Assets/Scenes/StartScene.unity using Guid(a89705f2d06d929499705985e38c42db) Importer(815301076,1909f56bfc062723c751e8b465ee728b)  -> (artifact id: 'a6d9dd3241f15dad8b81930add72db89') in 0.014481 seconds 
  Import took 0.019462 seconds .

========================================================================
Received Import Request.
  Time since last request: 49.442181 seconds.
  path: Assets/Scripts/StartScene/StartUI.cs
  artifactKey: Guid(f62dd657d37eb0d45ad763ac8854201f) Importer(815301076,1909f56bfc062723c751e8b465ee728b)
Start importing Assets/Scripts/StartScene/StartUI.cs using Guid(f62dd657d37eb0d45ad763ac8854201f) Importer(815301076,1909f56bfc062723c751e8b465ee728b)  -> (artifact id: '6e47306760b27f913f737c9ebbc07593') in 0.037015 seconds 
  Import took 0.041409 seconds .

========================================================================
Received Import Request.
  Time since last request: 14.195638 seconds.
  path: Assets/Scripts/MenuScene/MapButton.cs
  artifactKey: Guid(ec156cb2b10d2fa42ac90e03eb6d1c8a) Importer(815301076,1909f56bfc062723c751e8b465ee728b)
Start importing Assets/Scripts/MenuScene/MapButton.cs using Guid(ec156cb2b10d2fa42ac90e03eb6d1c8a) Importer(815301076,1909f56bfc062723c751e8b465ee728b)  -> (artifact id: '1c437acd044edd9c64e48adab05ba49a') in 0.011132 seconds 
  Import took 0.016172 seconds .

========================================================================
Received Import Request.
  Time since last request: 14.087417 seconds.
  path: Assets/Scripts/GamePlay/Node.cs
  artifactKey: Guid(10878d39e9045fc4294041db850f65fa) Importer(815301076,1909f56bfc062723c751e8b465ee728b)
Start importing Assets/Scripts/GamePlay/Node.cs using Guid(10878d39e9045fc4294041db850f65fa) Importer(815301076,1909f56bfc062723c751e8b465ee728b)  -> (artifact id: '2c52ad03ed7b7e21145254d1c48f2db8') in 0.019690 seconds 
  Import took 0.023827 seconds .

========================================================================
Received Import Request.
  Time since last request: 337.829015 seconds.
  path: Assets/Prefabs/Node.prefab
  artifactKey: Guid(e9cf87a63310ebe4ab0192a532095d96) Importer(815301076,1909f56bfc062723c751e8b465ee728b)
Start importing Assets/Prefabs/Node.prefab using Guid(e9cf87a63310ebe4ab0192a532095d96) Importer(815301076,1909f56bfc062723c751e8b465ee728b)  -> (artifact id: '08e57113053adb1a76030043a732da3a') in 0.138885 seconds 
  Import took 0.144594 seconds .

========================================================================
Received Import Request.
  Time since last request: 72.358423 seconds.
  path: Assets/Prefabs/BlackSpot.prefab
  artifactKey: Guid(c470bfc1e4dfcc74197462a343a51d29) Importer(815301076,1909f56bfc062723c751e8b465ee728b)
Start importing Assets/Prefabs/BlackSpot.prefab using Guid(c470bfc1e4dfcc74197462a343a51d29) Importer(815301076,1909f56bfc062723c751e8b465ee728b)  -> (artifact id: '6097edd7bbdbeb4e703647aef5f7a8dd') in 0.025836 seconds 
  Import took 0.031051 seconds .

========================================================================
Received Import Request.
  Time since last request: 1.841827 seconds.
  path: Assets/Prefabs/EndPoint.prefab
  artifactKey: Guid(b3911dc127abba84b88d24a7bed52008) Importer(815301076,1909f56bfc062723c751e8b465ee728b)
Start importing Assets/Prefabs/EndPoint.prefab using Guid(b3911dc127abba84b88d24a7bed52008) Importer(815301076,1909f56bfc062723c751e8b465ee728b)  -> (artifact id: '739f7c804395fb9eb4533a4335080371') in 0.014135 seconds 
  Import took 0.019418 seconds .

========================================================================
Received Import Request.
  Time since last request: 0.360985 seconds.
  path: Assets/Prefabs/Enemy.prefab
  artifactKey: Guid(1d827ffd777d26b4db1b17b2e8321e49) Importer(815301076,1909f56bfc062723c751e8b465ee728b)
Start importing Assets/Prefabs/Enemy.prefab using Guid(1d827ffd777d26b4db1b17b2e8321e49) Importer(815301076,1909f56bfc062723c751e8b465ee728b)  -> (artifact id: 'ced94da2f4c4269cd1e96efd48eae7d6') in 0.022618 seconds 
  Import took 0.027740 seconds .

========================================================================
Received Import Request.
  Time since last request: 14.473583 seconds.
  path: Assets/Scripts/GamePlay/Agent.cs
  artifactKey: Guid(21714f6919808114899ff5a1a7aa693a) Importer(815301076,1909f56bfc062723c751e8b465ee728b)
Start importing Assets/Scripts/GamePlay/Agent.cs using Guid(21714f6919808114899ff5a1a7aa693a) Importer(815301076,1909f56bfc062723c751e8b465ee728b)  -> (artifact id: '1ecebbbd7cd1289017a2a4425be55c7c') in 0.012229 seconds 
  Import took 0.016978 seconds .

========================================================================
Received Import Request.
  Time since last request: 484.358145 seconds.
  path: Assets/Prefabs/TowerPrefab/ArcherTower.prefab
  artifactKey: Guid(2be7f878cf49c7a4d9cf27188f761c09) Importer(815301076,1909f56bfc062723c751e8b465ee728b)
Start importing Assets/Prefabs/TowerPrefab/ArcherTower.prefab using Guid(2be7f878cf49c7a4d9cf27188f761c09) Importer(815301076,1909f56bfc062723c751e8b465ee728b)  -> (artifact id: '5aeed17ce25b85e94e12c67c4e05efe6') in 0.054894 seconds 
  Import took 0.062707 seconds .

========================================================================
Received Import Request.
  Time since last request: 584.774341 seconds.
  path: Packages/com.unity.2d.sprite/Editor/ObjectMenuCreation/DefaultAssets/Textures/Square.png
  artifactKey: Guid(48e93eef0688c4a259cb0eddcd8661f7) Importer(815301076,1909f56bfc062723c751e8b465ee728b)
Start importing Packages/com.unity.2d.sprite/Editor/ObjectMenuCreation/DefaultAssets/Textures/Square.png using Guid(48e93eef0688c4a259cb0eddcd8661f7) Importer(815301076,1909f56bfc062723c751e8b465ee728b)  -> (artifact id: '846f8e02d3315151ee1632098f52a2e3') in 0.146148 seconds 
  Import took 0.152548 seconds .

========================================================================
Received Import Request.
  Time since last request: 57.005692 seconds.
  path: Assets/Sprites/Node.png
  artifactKey: Guid(54af35a65962e034ea431bd7e46fb010) Importer(815301076,1909f56bfc062723c751e8b465ee728b)
Start importing Assets/Sprites/Node.png using Guid(54af35a65962e034ea431bd7e46fb010) Importer(815301076,1909f56bfc062723c751e8b465ee728b)  -> (artifact id: '83de5872072271a9d745f6299ff5c7a9') in 0.031618 seconds 
  Import took 0.037565 seconds .

========================================================================
Received Import Request.
  Time since last request: 342.833275 seconds.
  path: Assets/Prefabs/Node.prefab
  artifactKey: Guid(e9cf87a63310ebe4ab0192a532095d96) Importer(815301076,1909f56bfc062723c751e8b465ee728b)
Start importing Assets/Prefabs/Node.prefab using Guid(e9cf87a63310ebe4ab0192a532095d96) Importer(815301076,1909f56bfc062723c751e8b465ee728b)  -> (artifact id: '291785e442f57456adb35f6519b79abe') in 0.042355 seconds 
  Import took 0.048933 seconds .

========================================================================
Received Import Request.
  Time since last request: 2.892828 seconds.
  path: Assets/Sprites/Tower.png
  artifactKey: Guid(56461653a414cca4c97f5e0c1b31c7af) Importer(815301076,1909f56bfc062723c751e8b465ee728b)
Start importing Assets/Sprites/Tower.png using Guid(56461653a414cca4c97f5e0c1b31c7af) Importer(815301076,1909f56bfc062723c751e8b465ee728b)  -> (artifact id: '1c6a894b9459c40ac4b999987ed4b053') in 0.032178 seconds 
  Import took 0.038016 seconds .

========================================================================
Received Import Request.
  Time since last request: 6.758249 seconds.
  path: Assets/Prefabs/TowerPrefab/FireTower.prefab
  artifactKey: Guid(6f1a6b4fe7260ff4fb705150da16c42f) Importer(815301076,1909f56bfc062723c751e8b465ee728b)
Start importing Assets/Prefabs/TowerPrefab/FireTower.prefab using Guid(6f1a6b4fe7260ff4fb705150da16c42f) Importer(815301076,1909f56bfc062723c751e8b465ee728b)  -> (artifact id: '7dccd79d026fdf6e723657a96b5caf14') in 0.020119 seconds 
  Import took 0.025790 seconds .

========================================================================
Received Import Request.
  Time since last request: 2.236831 seconds.
  path: Assets/Prefabs/TowerPrefab/IceTower.prefab
  artifactKey: Guid(0ff0fb1d7184ee34da6f138267c89196) Importer(815301076,1909f56bfc062723c751e8b465ee728b)
Start importing Assets/Prefabs/TowerPrefab/IceTower.prefab using Guid(0ff0fb1d7184ee34da6f138267c89196) Importer(815301076,1909f56bfc062723c751e8b465ee728b)  -> (artifact id: '3dd1f074513d06daa3b9caa8bf0d71f6') in 0.029888 seconds 
  Import took 0.034871 seconds .

========================================================================
Received Import Request.
  Time since last request: 4.112577 seconds.
  path: Assets/Prefabs/TowerPrefab/LightningTower.prefab
  artifactKey: Guid(2afe01232b15bb04e907c44f8d32e981) Importer(815301076,1909f56bfc062723c751e8b465ee728b)
Start importing Assets/Prefabs/TowerPrefab/LightningTower.prefab using Guid(2afe01232b15bb04e907c44f8d32e981) Importer(815301076,1909f56bfc062723c751e8b465ee728b)  -> (artifact id: '071e46f445677ab9a2d79d88a1c57eb3') in 0.019819 seconds 
  Import took 0.025566 seconds .

========================================================================
Received Import Request.
  Time since last request: 5.049349 seconds.
  path: Assets/Prefabs/TowerPrefab/PoisonTower.prefab
  artifactKey: Guid(fcbe5c0af732c4f40907d384d9f171c7) Importer(815301076,1909f56bfc062723c751e8b465ee728b)
Start importing Assets/Prefabs/TowerPrefab/PoisonTower.prefab using Guid(fcbe5c0af732c4f40907d384d9f171c7) Importer(815301076,1909f56bfc062723c751e8b465ee728b)  -> (artifact id: '6c738673ea4e77cd8afd42c2dd52df45') in 0.023495 seconds 
  Import took 0.029404 seconds .

========================================================================
Received Import Request.
  Time since last request: 357.120529 seconds.
  path: Assets/Prefabs
  artifactKey: Guid(b2e9fa97caf7cda45887c418d2fb05d3) Importer(815301076,1909f56bfc062723c751e8b465ee728b)
Start importing Assets/Prefabs using Guid(b2e9fa97caf7cda45887c418d2fb05d3) Importer(815301076,1909f56bfc062723c751e8b465ee728b)  -> (artifact id: 'dc4737b72ecb8a67c090d3a9d0003109') in 0.063282 seconds 
  Import took 0.070256 seconds .

========================================================================
Received Import Request.
  Time since last request: 2.876514 seconds.
  path: Assets/Scenes/BeginningRoom.unity
  artifactKey: Guid(2cda990e2423bbf4892e6590ba056729) Importer(815301076,1909f56bfc062723c751e8b465ee728b)
Start importing Assets/Scenes/BeginningRoom.unity using Guid(2cda990e2423bbf4892e6590ba056729) Importer(815301076,1909f56bfc062723c751e8b465ee728b)  -> (artifact id: '6ad1a1e6cd7848a01d852880e748c4a4') in 0.011924 seconds 
  Import took 0.017363 seconds .

